mode: set
github.com/venicegeo/bf-handle/bf/process.go:70.54,81.32 2 1
github.com/venicegeo/bf-handle/bf/process.go:89.2,91.65 2 1
github.com/venicegeo/bf-handle/bf/process.go:98.2,99.23 2 1
github.com/venicegeo/bf-handle/bf/process.go:81.32,83.17 2 1
github.com/venicegeo/bf-handle/bf/process.go:86.3,86.41 1 1
github.com/venicegeo/bf-handle/bf/process.go:83.17,85.4 1 0
github.com/venicegeo/bf-handle/bf/process.go:91.65,96.3 4 1
github.com/venicegeo/bf-handle/bf/process.go:103.61,110.56 2 1
github.com/venicegeo/bf-handle/bf/process.go:115.2,115.26 1 1
github.com/venicegeo/bf-handle/bf/process.go:123.2,123.25 1 1
github.com/venicegeo/bf-handle/bf/process.go:127.2,127.25 1 1
github.com/venicegeo/bf-handle/bf/process.go:131.2,131.58 1 1
github.com/venicegeo/bf-handle/bf/process.go:136.2,148.32 12 1
github.com/venicegeo/bf-handle/bf/process.go:110.56,113.3 2 0
github.com/venicegeo/bf-handle/bf/process.go:115.26,117.109 2 0
github.com/venicegeo/bf-handle/bf/process.go:117.109,120.4 2 0
github.com/venicegeo/bf-handle/bf/process.go:123.25,125.3 1 1
github.com/venicegeo/bf-handle/bf/process.go:127.25,129.3 1 1
github.com/venicegeo/bf-handle/bf/process.go:131.58,134.3 2 0
github.com/venicegeo/bf-handle/bf/process.go:163.90,170.19 2 0
github.com/venicegeo/bf-handle/bf/process.go:174.2,174.50 1 0
github.com/venicegeo/bf-handle/bf/process.go:178.2,178.62 1 0
github.com/venicegeo/bf-handle/bf/process.go:182.2,183.16 2 0
github.com/venicegeo/bf-handle/bf/process.go:187.2,193.20 6 0
github.com/venicegeo/bf-handle/bf/process.go:170.19,172.3 1 0
github.com/venicegeo/bf-handle/bf/process.go:174.50,176.3 1 0
github.com/venicegeo/bf-handle/bf/process.go:178.62,180.3 1 0
github.com/venicegeo/bf-handle/bf/process.go:183.16,185.3 1 0
github.com/venicegeo/bf-handle/bf/process.go:200.61,219.26 2 1
github.com/venicegeo/bf-handle/bf/process.go:240.2,240.49 1 1
github.com/venicegeo/bf-handle/bf/process.go:244.2,245.96 2 1
github.com/venicegeo/bf-handle/bf/process.go:248.2,260.21 3 1
github.com/venicegeo/bf-handle/bf/process.go:219.26,220.103 1 1
github.com/venicegeo/bf-handle/bf/process.go:231.3,231.97 1 1
github.com/venicegeo/bf-handle/bf/process.go:220.103,224.4 1 0
github.com/venicegeo/bf-handle/bf/process.go:231.97,235.4 3 1
github.com/venicegeo/bf-handle/bf/process.go:235.4,237.4 1 0
github.com/venicegeo/bf-handle/bf/process.go:240.49,242.3 1 0
github.com/venicegeo/bf-handle/bf/process.go:245.96,247.3 1 0
github.com/venicegeo/bf-handle/bf/process.go:301.56,303.36 2 1
github.com/venicegeo/bf-handle/bf/process.go:306.2,306.21 1 1
github.com/venicegeo/bf-handle/bf/process.go:303.36,305.3 1 1
github.com/venicegeo/bf-handle/bf/process.go:314.112,322.25 2 1
github.com/venicegeo/bf-handle/bf/process.go:340.2,341.16 2 1
github.com/venicegeo/bf-handle/bf/process.go:344.2,347.17 3 1
github.com/venicegeo/bf-handle/bf/process.go:359.2,360.16 2 1
github.com/venicegeo/bf-handle/bf/process.go:364.2,366.39 2 1
github.com/venicegeo/bf-handle/bf/process.go:323.2,325.17 2 1
github.com/venicegeo/bf-handle/bf/process.go:328.3,329.17 2 1
github.com/venicegeo/bf-handle/bf/process.go:336.2,337.114 1 0
github.com/venicegeo/bf-handle/bf/process.go:325.17,327.4 1 0
github.com/venicegeo/bf-handle/bf/process.go:329.17,331.4 1 0
github.com/venicegeo/bf-handle/bf/process.go:341.16,343.3 1 0
github.com/venicegeo/bf-handle/bf/process.go:347.17,349.17 2 0
github.com/venicegeo/bf-handle/bf/process.go:349.17,351.4 1 0
github.com/venicegeo/bf-handle/bf/process.go:352.3,354.17 2 1
github.com/venicegeo/bf-handle/bf/process.go:354.17,356.4 1 0
github.com/venicegeo/bf-handle/bf/process.go:360.16,362.3 1 0
github.com/venicegeo/bf-handle/bf/process.go:372.100,376.31 3 1
github.com/venicegeo/bf-handle/bf/process.go:379.2,390.16 4 1
github.com/venicegeo/bf-handle/bf/process.go:393.2,393.42 1 1
github.com/venicegeo/bf-handle/bf/process.go:376.31,378.3 1 1
github.com/venicegeo/bf-handle/bf/process.go:390.16,392.3 1 0
github.com/venicegeo/bf-handle/bf/productLines.go:50.86,58.31 6 0
github.com/venicegeo/bf-handle/bf/productLines.go:88.2,88.52 1 0
github.com/venicegeo/bf-handle/bf/productLines.go:109.2,117.16 7 0
github.com/venicegeo/bf-handle/bf/productLines.go:121.2,127.16 6 0
github.com/venicegeo/bf-handle/bf/productLines.go:130.2,130.24 1 0
github.com/venicegeo/bf-handle/bf/productLines.go:58.31,61.3 2 0
github.com/venicegeo/bf-handle/bf/productLines.go:62.2,66.3 3 0
github.com/venicegeo/bf-handle/bf/productLines.go:67.2,71.3 3 0
github.com/venicegeo/bf-handle/bf/productLines.go:72.2,76.3 3 0
github.com/venicegeo/bf-handle/bf/productLines.go:77.2,81.3 3 0
github.com/venicegeo/bf-handle/bf/productLines.go:82.2,86.3 3 0
github.com/venicegeo/bf-handle/bf/productLines.go:88.52,90.28 2 0
github.com/venicegeo/bf-handle/bf/productLines.go:93.3,93.28 1 0
github.com/venicegeo/bf-handle/bf/productLines.go:96.3,97.87 2 0
github.com/venicegeo/bf-handle/bf/productLines.go:90.28,92.4 1 0
github.com/venicegeo/bf-handle/bf/productLines.go:93.28,95.4 1 0
github.com/venicegeo/bf-handle/bf/productLines.go:100.2,102.29 2 0
github.com/venicegeo/bf-handle/bf/productLines.go:105.3,106.88 2 0
github.com/venicegeo/bf-handle/bf/productLines.go:102.29,104.4 1 0
github.com/venicegeo/bf-handle/bf/productLines.go:117.16,119.3 1 0
github.com/venicegeo/bf-handle/bf/productLines.go:127.16,129.3 1 0
github.com/venicegeo/bf-handle/bf/productLines.go:134.61,154.16 8 0
github.com/venicegeo/bf-handle/bf/productLines.go:158.2,158.71 1 0
github.com/venicegeo/bf-handle/bf/productLines.go:162.2,162.26 1 0
github.com/venicegeo/bf-handle/bf/productLines.go:166.2,166.35 1 0
github.com/venicegeo/bf-handle/bf/productLines.go:171.2,173.27 2 0
github.com/venicegeo/bf-handle/bf/productLines.go:177.2,177.27 1 0
github.com/venicegeo/bf-handle/bf/productLines.go:181.2,182.16 2 0
github.com/venicegeo/bf-handle/bf/productLines.go:187.2,188.16 2 0
github.com/venicegeo/bf-handle/bf/productLines.go:192.2,197.16 3 0
github.com/venicegeo/bf-handle/bf/productLines.go:202.2,208.16 5 0
github.com/venicegeo/bf-handle/bf/productLines.go:212.2,215.40 3 0
github.com/venicegeo/bf-handle/bf/productLines.go:154.16,157.3 2 0
github.com/venicegeo/bf-handle/bf/productLines.go:158.71,161.3 2 0
github.com/venicegeo/bf-handle/bf/productLines.go:162.26,165.3 2 0
github.com/venicegeo/bf-handle/bf/productLines.go:166.35,169.3 2 0
github.com/venicegeo/bf-handle/bf/productLines.go:173.27,175.3 1 0
github.com/venicegeo/bf-handle/bf/productLines.go:177.27,179.3 1 0
github.com/venicegeo/bf-handle/bf/productLines.go:182.16,185.3 2 0
github.com/venicegeo/bf-handle/bf/productLines.go:188.16,191.3 2 0
github.com/venicegeo/bf-handle/bf/productLines.go:197.16,200.3 2 0
github.com/venicegeo/bf-handle/bf/productLines.go:208.16,211.3 2 0
github.com/venicegeo/bf-handle/bf/productLines.go:218.73,235.16 15 0
github.com/venicegeo/bf-handle/bf/productLines.go:238.2,243.33 5 0
github.com/venicegeo/bf-handle/bf/productLines.go:291.2,291.23 1 0
github.com/venicegeo/bf-handle/bf/productLines.go:235.16,237.3 1 0
github.com/venicegeo/bf-handle/bf/productLines.go:243.33,246.38 3 0
github.com/venicegeo/bf-handle/bf/productLines.go:253.3,253.38 1 0
github.com/venicegeo/bf-handle/bf/productLines.go:246.38,247.16 1 0
github.com/venicegeo/bf-handle/bf/productLines.go:248.4,249.31 1 0
github.com/venicegeo/bf-handle/bf/productLines.go:250.4,250.12 0 0
github.com/venicegeo/bf-handle/bf/productLines.go:253.38,255.19 2 0
github.com/venicegeo/bf-handle/bf/productLines.go:256.4,258.19 2 0
github.com/venicegeo/bf-handle/bf/productLines.go:261.4,263.19 2 0
github.com/venicegeo/bf-handle/bf/productLines.go:266.4,268.19 2 0
github.com/venicegeo/bf-handle/bf/productLines.go:271.4,273.19 2 0
github.com/venicegeo/bf-handle/bf/productLines.go:276.4,278.19 2 0
github.com/venicegeo/bf-handle/bf/productLines.go:281.4,283.41 2 0
github.com/venicegeo/bf-handle/bf/productLines.go:284.4,286.42 2 0
github.com/venicegeo/bf-handle/bf/productLines.go:287.4,287.12 0 0
github.com/venicegeo/bf-handle/bf/productLines.go:258.19,260.6 1 0
github.com/venicegeo/bf-handle/bf/productLines.go:263.19,265.6 1 0
github.com/venicegeo/bf-handle/bf/productLines.go:268.19,270.6 1 0
github.com/venicegeo/bf-handle/bf/productLines.go:273.19,275.6 1 0
github.com/venicegeo/bf-handle/bf/productLines.go:278.19,280.6 1 0
github.com/venicegeo/bf-handle/bf/productLines.go:294.41,295.29 1 0
github.com/venicegeo/bf-handle/bf/productLines.go:296.2,297.27 1 0
github.com/venicegeo/bf-handle/bf/productLines.go:298.2,299.47 1 0
github.com/venicegeo/bf-handle/bf/productLines.go:300.2,301.13 1 0
github.com/venicegeo/bf-handle/bf/productLines.go:302.2,303.12 1 0
github.com/venicegeo/bf-handle/bf/productLines.go:307.50,308.29 1 0
github.com/venicegeo/bf-handle/bf/productLines.go:309.2,310.27 1 0
github.com/venicegeo/bf-handle/bf/productLines.go:311.2,312.18 1 0
github.com/venicegeo/bf-handle/bf/productLines.go:313.2,314.37 1 0
github.com/venicegeo/bf-handle/bf/productLines.go:315.2,316.52 1 0
github.com/venicegeo/bf-handle/bf/productLines.go:322.62,340.16 5 0
github.com/venicegeo/bf-handle/bf/productLines.go:345.2,345.25 1 0
github.com/venicegeo/bf-handle/bf/productLines.go:351.2,354.16 3 0
github.com/venicegeo/bf-handle/bf/productLines.go:359.1,360.39 1 0
github.com/venicegeo/bf-handle/bf/productLines.go:393.2,394.16 2 0
github.com/venicegeo/bf-handle/bf/productLines.go:398.2,399.8 2 0
github.com/venicegeo/bf-handle/bf/productLines.go:340.16,343.3 2 0
github.com/venicegeo/bf-handle/bf/productLines.go:345.25,347.3 1 0
github.com/venicegeo/bf-handle/bf/productLines.go:354.16,357.3 2 0
github.com/venicegeo/bf-handle/bf/productLines.go:360.39,361.73 1 0
github.com/venicegeo/bf-handle/bf/productLines.go:364.3,364.84 1 0
github.com/venicegeo/bf-handle/bf/productLines.go:367.3,367.67 1 0
github.com/venicegeo/bf-handle/bf/productLines.go:370.3,370.62 1 0
github.com/venicegeo/bf-handle/bf/productLines.go:377.3,379.17 3 0
github.com/venicegeo/bf-handle/bf/productLines.go:383.3,384.55 2 0
github.com/venicegeo/bf-handle/bf/productLines.go:390.3,390.56 1 0
github.com/venicegeo/bf-handle/bf/productLines.go:361.73,362.27 1 0
github.com/venicegeo/bf-handle/bf/productLines.go:364.84,365.27 1 0
github.com/venicegeo/bf-handle/bf/productLines.go:367.67,368.27 1 0
github.com/venicegeo/bf-handle/bf/productLines.go:370.62,371.25 1 0
github.com/venicegeo/bf-handle/bf/productLines.go:371.25,372.28 1 0
github.com/venicegeo/bf-handle/bf/productLines.go:374.4,375.27 1 0
github.com/venicegeo/bf-handle/bf/productLines.go:379.17,381.27 2 0
github.com/venicegeo/bf-handle/bf/productLines.go:384.55,388.27 3 0
github.com/venicegeo/bf-handle/bf/productLines.go:394.16,397.3 2 0
github.com/venicegeo/bf-handle/bf/assembler.go:59.65,70.49 2 1
github.com/venicegeo/bf-handle/bf/assembler.go:78.2,78.62 1 1
github.com/venicegeo/bf-handle/bf/assembler.go:84.2,84.62 1 1
github.com/venicegeo/bf-handle/bf/assembler.go:70.49,72.49 2 1
github.com/venicegeo/bf-handle/bf/assembler.go:75.3,75.35 1 1
github.com/venicegeo/bf-handle/bf/assembler.go:72.49,74.4 1 0
github.com/venicegeo/bf-handle/bf/assembler.go:78.62,82.3 3 1
github.com/venicegeo/bf-handle/bf/assembler.go:84.62,86.3 1 1
github.com/venicegeo/bf-handle/bf/assembler.go:86.3,87.53 1 0
github.com/venicegeo/bf-handle/bf/assembler.go:92.3,92.13 1 0
github.com/venicegeo/bf-handle/bf/assembler.go:87.53,91.4 3 0
github.com/venicegeo/bf-handle/bf/assembler.go:98.59,110.49 2 1
github.com/venicegeo/bf-handle/bf/assembler.go:120.2,120.62 1 1
github.com/venicegeo/bf-handle/bf/assembler.go:125.2,125.25 1 1
github.com/venicegeo/bf-handle/bf/assembler.go:128.2,128.25 1 1
github.com/venicegeo/bf-handle/bf/assembler.go:132.2,132.35 1 1
github.com/venicegeo/bf-handle/bf/assembler.go:175.2,175.35 1 1
github.com/venicegeo/bf-handle/bf/assembler.go:180.2,181.98 2 0
github.com/venicegeo/bf-handle/bf/assembler.go:110.49,114.17 4 1
github.com/venicegeo/bf-handle/bf/assembler.go:117.3,117.35 1 1
github.com/venicegeo/bf-handle/bf/assembler.go:114.17,116.4 1 0
github.com/venicegeo/bf-handle/bf/assembler.go:120.62,123.3 2 1
github.com/venicegeo/bf-handle/bf/assembler.go:125.25,127.3 1 1
github.com/venicegeo/bf-handle/bf/assembler.go:128.25,130.3 1 1
github.com/venicegeo/bf-handle/bf/assembler.go:132.35,133.29 1 1
github.com/venicegeo/bf-handle/bf/assembler.go:138.3,138.78 1 1
github.com/venicegeo/bf-handle/bf/assembler.go:144.3,144.82 1 1
github.com/venicegeo/bf-handle/bf/assembler.go:133.29,136.4 2 1
github.com/venicegeo/bf-handle/bf/assembler.go:138.78,141.4 2 0
github.com/venicegeo/bf-handle/bf/assembler.go:144.82,145.117 1 0
github.com/venicegeo/bf-handle/bf/assembler.go:145.117,147.5 1 0
github.com/venicegeo/bf-handle/bf/assembler.go:147.5,149.5 1 0
github.com/venicegeo/bf-handle/bf/assembler.go:151.3,152.102 1 1
github.com/venicegeo/bf-handle/bf/assembler.go:152.102,153.75 1 1
github.com/venicegeo/bf-handle/bf/assembler.go:160.4,161.52 2 1
github.com/venicegeo/bf-handle/bf/assembler.go:153.75,157.5 3 0
github.com/venicegeo/bf-handle/bf/assembler.go:161.52,162.84 1 0
github.com/venicegeo/bf-handle/bf/assembler.go:162.84,164.6 1 0
github.com/venicegeo/bf-handle/bf/assembler.go:164.6,166.6 1 0
github.com/venicegeo/bf-handle/bf/assembler.go:168.4,172.4 3 0
github.com/venicegeo/bf-handle/bf/assembler.go:175.35,178.3 2 1
github.com/venicegeo/bf-handle/bf/assembler.go:184.82,204.50 5 0
github.com/venicegeo/bf-handle/bf/assembler.go:228.2,230.62 2 0
github.com/venicegeo/bf-handle/bf/assembler.go:237.2,240.153 3 0
github.com/venicegeo/bf-handle/bf/assembler.go:257.2,257.23 1 0
github.com/venicegeo/bf-handle/bf/assembler.go:204.50,205.110 1 0
github.com/venicegeo/bf-handle/bf/assembler.go:205.110,206.29 1 0
github.com/venicegeo/bf-handle/bf/assembler.go:206.29,209.65 2 0
github.com/venicegeo/bf-handle/bf/assembler.go:213.5,218.25 6 0
github.com/venicegeo/bf-handle/bf/assembler.go:209.65,211.14 2 0
github.com/venicegeo/bf-handle/bf/assembler.go:220.4,225.4 4 0
github.com/venicegeo/bf-handle/bf/assembler.go:230.62,232.3 1 0
github.com/venicegeo/bf-handle/bf/assembler.go:240.153,241.106 1 0
github.com/venicegeo/bf-handle/bf/assembler.go:241.106,243.4 1 0
github.com/venicegeo/bf-handle/bf/assembler.go:243.4,246.4 2 0
github.com/venicegeo/bf-handle/bf/assembler.go:247.3,249.67 2 0
github.com/venicegeo/bf-handle/bf/assembler.go:252.3,252.42 1 0
github.com/venicegeo/bf-handle/bf/assembler.go:249.67,251.4 1 0
github.com/venicegeo/bf-handle/bf/assembler.go:257.23,263.127 4 0
github.com/venicegeo/bf-handle/bf/assembler.go:263.127,270.92 4 0
github.com/venicegeo/bf-handle/bf/assembler.go:270.92,272.5 1 0
github.com/venicegeo/bf-handle/bf/assembler.go:272.5,274.5 1 0
github.com/venicegeo/bf-handle/bf/assembler.go:275.4,277.4 1 0
github.com/venicegeo/bf-handle/bf/assembler.go:278.3,280.3 1 0
github.com/venicegeo/bf-handle/bf/assembler.go:283.81,302.78 2 1
github.com/venicegeo/bf-handle/bf/assembler.go:306.2,308.57 2 0
github.com/venicegeo/bf-handle/bf/assembler.go:381.2,381.20 1 0
github.com/venicegeo/bf-handle/bf/assembler.go:302.78,304.3 1 1
github.com/venicegeo/bf-handle/bf/assembler.go:308.57,315.83 6 0
github.com/venicegeo/bf-handle/bf/assembler.go:323.3,323.52 1 0
github.com/venicegeo/bf-handle/bf/assembler.go:329.3,329.36 1 0
github.com/venicegeo/bf-handle/bf/assembler.go:351.3,351.90 1 0
github.com/venicegeo/bf-handle/bf/assembler.go:356.3,356.48 1 0
github.com/venicegeo/bf-handle/bf/assembler.go:361.3,364.54 3 0
github.com/venicegeo/bf-handle/bf/assembler.go:377.3,377.90 1 0
github.com/venicegeo/bf-handle/bf/assembler.go:315.83,318.12 3 0
github.com/venicegeo/bf-handle/bf/assembler.go:323.52,326.12 3 0
github.com/venicegeo/bf-handle/bf/assembler.go:329.36,332.74 2 0
github.com/venicegeo/bf-handle/bf/assembler.go:338.4,338.54 1 0
github.com/venicegeo/bf-handle/bf/assembler.go:348.4,348.52 1 0
github.com/venicegeo/bf-handle/bf/assembler.go:332.74,335.13 3 0
github.com/venicegeo/bf-handle/bf/assembler.go:338.54,341.13 3 0
github.com/venicegeo/bf-handle/bf/assembler.go:342.5,342.20 1 0
github.com/venicegeo/bf-handle/bf/assembler.go:342.20,346.13 3 0
github.com/venicegeo/bf-handle/bf/assembler.go:351.90,353.12 2 0
github.com/venicegeo/bf-handle/bf/assembler.go:356.48,358.12 2 0
github.com/venicegeo/bf-handle/bf/assembler.go:364.54,365.44 1 0
github.com/venicegeo/bf-handle/bf/assembler.go:373.4,373.24 1 0
github.com/venicegeo/bf-handle/bf/assembler.go:365.44,366.87 1 0
github.com/venicegeo/bf-handle/bf/assembler.go:366.87,368.6 1 0
github.com/venicegeo/bf-handle/bf/assembler.go:368.6,371.6 2 0
github.com/venicegeo/bf-handle/bf/assembler.go:374.4,376.4 1 0
github.com/venicegeo/bf-handle/bf/assembler.go:377.90,379.4 1 0
github.com/venicegeo/bf-handle/bf/assembler.go:384.113,396.38 4 0
github.com/venicegeo/bf-handle/bf/assembler.go:423.2,423.15 1 0
github.com/venicegeo/bf-handle/bf/assembler.go:396.38,397.71 1 0
github.com/venicegeo/bf-handle/bf/assembler.go:402.3,402.68 1 0
github.com/venicegeo/bf-handle/bf/assembler.go:397.71,399.12 2 0
github.com/venicegeo/bf-handle/bf/assembler.go:402.68,404.12 2 0
github.com/venicegeo/bf-handle/bf/assembler.go:405.4,405.24 1 0
github.com/venicegeo/bf-handle/bf/assembler.go:405.24,407.68 1 0
github.com/venicegeo/bf-handle/bf/assembler.go:414.4,414.75 1 0
github.com/venicegeo/bf-handle/bf/assembler.go:419.4,420.58 2 0
github.com/venicegeo/bf-handle/bf/assembler.go:407.68,411.13 2 0
github.com/venicegeo/bf-handle/bf/assembler.go:414.75,417.13 3 0
github.com/venicegeo/bf-handle/bf/assembler.go:426.57,432.66 2 0
github.com/venicegeo/bf-handle/bf/assembler.go:436.2,440.62 3 0
github.com/venicegeo/bf-handle/bf/assembler.go:432.66,434.3 1 0
github.com/venicegeo/bf-handle/bf/assembler.go:440.62,442.3 1 0
github.com/venicegeo/bf-handle/bf/assembler.go:445.61,454.123 4 0
github.com/venicegeo/bf-handle/bf/assembler.go:454.123,460.91 3 0
github.com/venicegeo/bf-handle/bf/assembler.go:460.91,462.4 1 0
github.com/venicegeo/bf-handle/bf/assembler.go:462.4,464.4 1 0
github.com/venicegeo/bf-handle/bf/footprint.go:37.75,44.24 2 1
github.com/venicegeo/bf-handle/bf/footprint.go:45.2,47.60 2 1
github.com/venicegeo/bf-handle/bf/footprint.go:51.3,51.52 1 1
github.com/venicegeo/bf-handle/bf/footprint.go:55.3,55.59 1 1
github.com/venicegeo/bf-handle/bf/footprint.go:65.3,66.22 2 1
github.com/venicegeo/bf-handle/bf/footprint.go:67.2,69.53 2 0
github.com/venicegeo/bf-handle/bf/footprint.go:47.60,49.9 2 0
github.com/venicegeo/bf-handle/bf/footprint.go:51.52,53.9 2 1
github.com/venicegeo/bf-handle/bf/footprint.go:55.59,56.53 1 1
github.com/venicegeo/bf-handle/bf/footprint.go:56.53,58.10 2 0
github.com/venicegeo/bf-handle/bf/footprint.go:60.4,62.9 2 1
github.com/venicegeo/bf-handle/bf/footprint.go:73.100,88.53 3 1
github.com/venicegeo/bf-handle/bf/footprint.go:91.2,92.72 2 1
github.com/venicegeo/bf-handle/bf/footprint.go:95.2,95.71 1 1
github.com/venicegeo/bf-handle/bf/footprint.go:98.2,98.54 1 1
github.com/venicegeo/bf-handle/bf/footprint.go:101.2,101.40 1 1
github.com/venicegeo/bf-handle/bf/footprint.go:122.2,127.24 5 1
github.com/venicegeo/bf-handle/bf/footprint.go:88.53,90.3 1 0
github.com/venicegeo/bf-handle/bf/footprint.go:92.72,94.3 1 1
github.com/venicegeo/bf-handle/bf/footprint.go:95.71,97.3 1 0
github.com/venicegeo/bf-handle/bf/footprint.go:98.54,100.3 1 0
github.com/venicegeo/bf-handle/bf/footprint.go:101.40,102.52 1 1
github.com/venicegeo/bf-handle/bf/footprint.go:105.3,105.59 1 1
github.com/venicegeo/bf-handle/bf/footprint.go:110.3,110.66 1 1
github.com/venicegeo/bf-handle/bf/footprint.go:102.52,104.4 1 0
github.com/venicegeo/bf-handle/bf/footprint.go:105.59,107.4 1 0
github.com/venicegeo/bf-handle/bf/footprint.go:107.4,107.22 1 1
github.com/venicegeo/bf-handle/bf/footprint.go:107.22,108.12 1 0
github.com/venicegeo/bf-handle/bf/footprint.go:110.66,112.4 1 1
github.com/venicegeo/bf-handle/bf/footprint.go:112.4,114.90 2 0
github.com/venicegeo/bf-handle/bf/footprint.go:117.4,117.67 1 0
github.com/venicegeo/bf-handle/bf/footprint.go:114.90,116.5 1 0
github.com/venicegeo/bf-handle/bf/footprint.go:117.67,119.5 1 0
github.com/venicegeo/bf-handle/bf/footprint.go:130.84,138.28 2 1
github.com/venicegeo/bf-handle/bf/footprint.go:216.2,216.20 1 1
github.com/venicegeo/bf-handle/bf/footprint.go:139.2,140.39 1 1
github.com/venicegeo/bf-handle/bf/footprint.go:146.3,146.95 1 1
github.com/venicegeo/bf-handle/bf/footprint.go:149.3,149.53 1 1
github.com/venicegeo/bf-handle/bf/footprint.go:152.2,153.57 1 1
github.com/venicegeo/bf-handle/bf/footprint.go:154.2,155.62 1 1
github.com/venicegeo/bf-handle/bf/footprint.go:158.3,158.42 1 1
github.com/venicegeo/bf-handle/bf/footprint.go:159.2,164.48 2 1
github.com/venicegeo/bf-handle/bf/footprint.go:169.3,169.40 1 1
github.com/venicegeo/bf-handle/bf/footprint.go:172.3,172.13 1 1
github.com/venicegeo/bf-handle/bf/footprint.go:213.2,214.91 1 1
github.com/venicegeo/bf-handle/bf/footprint.go:140.39,141.67 1 1
github.com/venicegeo/bf-handle/bf/footprint.go:144.4,144.41 1 1
github.com/venicegeo/bf-handle/bf/footprint.go:141.67,143.5 1 1
github.com/venicegeo/bf-handle/bf/footprint.go:146.95,148.4 1 0
github.com/venicegeo/bf-handle/bf/footprint.go:149.53,151.4 1 0
github.com/venicegeo/bf-handle/bf/footprint.go:155.62,157.4 1 1
github.com/venicegeo/bf-handle/bf/footprint.go:164.48,166.4 1 0
github.com/venicegeo/bf-handle/bf/footprint.go:169.40,171.4 1 0
github.com/venicegeo/bf-handle/bf/footprint.go:173.3,174.43 1 1
github.com/venicegeo/bf-handle/bf/footprint.go:177.4,177.25 1 1
github.com/venicegeo/bf-handle/bf/footprint.go:189.3,195.49 2 1
github.com/venicegeo/bf-handle/bf/footprint.go:198.4,198.37 1 1
github.com/venicegeo/bf-handle/bf/footprint.go:207.4,207.81 1 1
github.com/venicegeo/bf-handle/bf/footprint.go:210.3,211.78 1 0
github.com/venicegeo/bf-handle/bf/footprint.go:174.43,176.5 1 0
github.com/venicegeo/bf-handle/bf/footprint.go:177.25,179.50 1 1
github.com/venicegeo/bf-handle/bf/footprint.go:179.50,181.6 1 0
github.com/venicegeo/bf-handle/bf/footprint.go:182.5,188.5 1 1
github.com/venicegeo/bf-handle/bf/footprint.go:195.49,197.5 1 0
github.com/venicegeo/bf-handle/bf/footprint.go:198.37,199.51 1 1
github.com/venicegeo/bf-handle/bf/footprint.go:202.5,202.60 1 1
github.com/venicegeo/bf-handle/bf/footprint.go:205.5,205.32 1 1
github.com/venicegeo/bf-handle/bf/footprint.go:199.51,201.6 1 0
github.com/venicegeo/bf-handle/bf/footprint.go:202.60,204.6 1 0
github.com/venicegeo/bf-handle/bf/footprint.go:207.81,209.5 1 0
github.com/venicegeo/bf-handle/bf/footprint.go:219.94,229.35 2 1
github.com/venicegeo/bf-handle/bf/footprint.go:253.2,253.15 1 1
github.com/venicegeo/bf-handle/bf/footprint.go:229.35,230.78 1 0
github.com/venicegeo/bf-handle/bf/footprint.go:234.3,234.84 1 0
github.com/venicegeo/bf-handle/bf/footprint.go:238.3,238.57 1 0
github.com/venicegeo/bf-handle/bf/footprint.go:242.3,242.18 1 0
github.com/venicegeo/bf-handle/bf/footprint.go:246.3,246.85 1 0
github.com/venicegeo/bf-handle/bf/footprint.go:250.3,251.35 2 0
github.com/venicegeo/bf-handle/bf/footprint.go:230.78,232.12 2 0
github.com/venicegeo/bf-handle/bf/footprint.go:234.84,236.12 2 0
github.com/venicegeo/bf-handle/bf/footprint.go:238.57,240.12 2 0
github.com/venicegeo/bf-handle/bf/footprint.go:242.18,244.12 2 0
github.com/venicegeo/bf-handle/bf/footprint.go:246.85,248.12 2 0
github.com/venicegeo/bf-handle/bf/footprint.go:256.63,265.54 2 1
github.com/venicegeo/bf-handle/bf/footprint.go:269.2,269.35 1 1
github.com/venicegeo/bf-handle/bf/footprint.go:295.2,295.17 1 1
github.com/venicegeo/bf-handle/bf/footprint.go:265.54,268.3 2 0
github.com/venicegeo/bf-handle/bf/footprint.go:269.35,270.75 1 0
github.com/venicegeo/bf-handle/bf/footprint.go:274.3,274.67 1 0
github.com/venicegeo/bf-handle/bf/footprint.go:270.75,273.4 2 0
github.com/venicegeo/bf-handle/bf/footprint.go:274.67,277.4 2 0
github.com/venicegeo/bf-handle/bf/footprint.go:277.4,277.23 1 0
github.com/venicegeo/bf-handle/bf/footprint.go:277.23,278.70 1 0
github.com/venicegeo/bf-handle/bf/footprint.go:284.4,284.75 1 0
github.com/venicegeo/bf-handle/bf/footprint.go:288.4,289.66 2 0
github.com/venicegeo/bf-handle/bf/footprint.go:278.70,283.5 4 0
github.com/venicegeo/bf-handle/bf/footprint.go:284.75,287.5 2 0
github.com/venicegeo/bf-handle/bf/footprint.go:289.66,292.5 2 0
github.com/venicegeo/bf-handle/bf/footprint.go:301.28,303.2 1 1
github.com/venicegeo/bf-handle/bf/footprint.go:304.33,306.2 1 0
github.com/venicegeo/bf-handle/bf/footprint.go:307.38,309.2 1 0
github.com/venicegeo/bf-handle/bf/footprint.go:311.79,330.80 7 1
github.com/venicegeo/bf-handle/bf/footprint.go:334.2,334.48 1 0
github.com/venicegeo/bf-handle/bf/footprint.go:340.2,340.45 1 0
github.com/venicegeo/bf-handle/bf/footprint.go:360.2,360.63 1 0
github.com/venicegeo/bf-handle/bf/footprint.go:368.2,368.18 1 0
github.com/venicegeo/bf-handle/bf/footprint.go:330.80,333.3 2 1
github.com/venicegeo/bf-handle/bf/footprint.go:334.48,337.3 2 0
github.com/venicegeo/bf-handle/bf/footprint.go:340.45,341.82 1 0
github.com/venicegeo/bf-handle/bf/footprint.go:341.82,344.102 2 0
github.com/venicegeo/bf-handle/bf/footprint.go:344.102,346.51 1 0
github.com/venicegeo/bf-handle/bf/footprint.go:346.51,352.6 5 0
github.com/venicegeo/bf-handle/bf/footprint.go:360.63,362.31 2 0
github.com/venicegeo/bf-handle/bf/footprint.go:362.31,366.4 3 0
github.com/venicegeo/bf-handle/bf/footprint.go:373.49,384.82 7 0
github.com/venicegeo/bf-handle/bf/footprint.go:390.2,391.33 2 0
github.com/venicegeo/bf-handle/bf/footprint.go:394.2,397.26 4 0
github.com/venicegeo/bf-handle/bf/footprint.go:404.2,404.15 1 0
github.com/venicegeo/bf-handle/bf/footprint.go:384.82,387.3 2 0
github.com/venicegeo/bf-handle/bf/footprint.go:391.33,393.3 1 0
github.com/venicegeo/bf-handle/bf/footprint.go:397.26,401.3 1 0
github.com/venicegeo/bf-handle/bf/footprint.go:401.3,403.3 1 0
github.com/venicegeo/bf-handle/bf/footprint.go:407.106,419.146 4 1
github.com/venicegeo/bf-handle/bf/footprint.go:424.2,424.23 1 1
github.com/venicegeo/bf-handle/bf/footprint.go:419.146,421.3 1 0
github.com/venicegeo/bf-handle/bf/footprint.go:421.3,423.3 1 1
github.com/venicegeo/bf-handle/bf/footprint.go:427.73,435.135 4 0
github.com/venicegeo/bf-handle/bf/footprint.go:435.135,441.79 3 0
github.com/venicegeo/bf-handle/bf/footprint.go:441.79,443.4 1 0
github.com/venicegeo/bf-handle/bf/footprint.go:443.4,445.4 1 0
github.com/venicegeo/bf-handle/bf/footprint.go:448.68,457.137 4 1
github.com/venicegeo/bf-handle/bf/footprint.go:457.137,463.91 3 1
github.com/venicegeo/bf-handle/bf/footprint.go:463.91,465.4 1 1
github.com/venicegeo/bf-handle/bf/footprint.go:465.4,467.4 1 0
github.com/venicegeo/bf-handle/bf/jobs.go:41.73,49.16 4 0
github.com/venicegeo/bf-handle/bf/jobs.go:53.2,54.33 2 0
github.com/venicegeo/bf-handle/bf/jobs.go:57.2,57.24 1 0
github.com/venicegeo/bf-handle/bf/jobs.go:49.16,51.3 1 0
github.com/venicegeo/bf-handle/bf/jobs.go:54.33,56.3 1 0
github.com/venicegeo/bf-handle/bf/jobs.go:61.61,64.16 3 0
github.com/venicegeo/bf-handle/bf/jobs.go:69.2,71.16 3 0
github.com/venicegeo/bf-handle/bf/jobs.go:76.2,76.41 1 0
github.com/venicegeo/bf-handle/bf/jobs.go:64.16,67.3 2 0
github.com/venicegeo/bf-handle/bf/jobs.go:71.16,74.3 2 0
github.com/venicegeo/bf-handle/bf/metadata.go:29.111,32.18 2 1
github.com/venicegeo/bf-handle/bf/metadata.go:44.2,44.20 1 1
github.com/venicegeo/bf-handle/bf/metadata.go:50.2,50.20 1 1
github.com/venicegeo/bf-handle/bf/metadata.go:62.2,62.20 1 1
github.com/venicegeo/bf-handle/bf/metadata.go:32.18,34.17 2 1
github.com/venicegeo/bf-handle/bf/metadata.go:38.3,38.50 1 1
github.com/venicegeo/bf-handle/bf/metadata.go:41.3,41.72 1 1
github.com/venicegeo/bf-handle/bf/metadata.go:34.17,36.4 1 0
github.com/venicegeo/bf-handle/bf/metadata.go:38.50,40.4 1 1
github.com/venicegeo/bf-handle/bf/metadata.go:44.20,48.3 3 1
github.com/venicegeo/bf-handle/bf/metadata.go:50.20,56.46 6 1
github.com/venicegeo/bf-handle/bf/metadata.go:59.3,59.81 1 1
github.com/venicegeo/bf-handle/bf/metadata.go:56.46,58.4 1 1
github.com/venicegeo/bf-handle/bf/metadata.go:69.96,73.16 4 1
github.com/venicegeo/bf-handle/bf/metadata.go:77.2,77.36 1 1
github.com/venicegeo/bf-handle/bf/metadata.go:83.2,84.16 2 1
github.com/venicegeo/bf-handle/bf/metadata.go:88.2,94.36 5 1
github.com/venicegeo/bf-handle/bf/metadata.go:73.16,75.3 1 0
github.com/venicegeo/bf-handle/bf/metadata.go:77.36,78.33 1 1
github.com/venicegeo/bf-handle/bf/metadata.go:78.33,80.4 1 1
github.com/venicegeo/bf-handle/bf/metadata.go:84.16,86.3 1 0
github.com/venicegeo/bf-handle/bf/tides.go:54.65,60.45 2 1
github.com/venicegeo/bf-handle/bf/tides.go:63.2,63.88 1 1
github.com/venicegeo/bf-handle/bf/tides.go:66.2,66.113 1 1
github.com/venicegeo/bf-handle/bf/tides.go:60.45,62.3 1 0
github.com/venicegeo/bf-handle/bf/tides.go:63.88,65.3 1 0
github.com/venicegeo/bf-handle/bf/tides.go:69.54,75.35 3 0
github.com/venicegeo/bf-handle/bf/tides.go:85.2,85.31 1 0
github.com/venicegeo/bf-handle/bf/tides.go:75.35,76.57 1 0
github.com/venicegeo/bf-handle/bf/tides.go:76.57,77.102 1 0
github.com/venicegeo/bf-handle/bf/tides.go:81.4,82.40 2 0
github.com/venicegeo/bf-handle/bf/tides.go:77.102,79.13 2 0
github.com/venicegeo/bf-handle/bf/tides.go:86.2,87.13 1 0
github.com/venicegeo/bf-handle/bf/tides.go:88.2,89.17 1 0
github.com/venicegeo/bf-handle/bf/tides.go:93.62,99.81 5 0
github.com/venicegeo/bf-handle/bf/tides.go:99.81,101.3 1 0
github.com/venicegeo/bf-handle/bf/utils.go:27.87,31.16 3 0
github.com/venicegeo/bf-handle/bf/utils.go:39.2,40.8 2 0
github.com/venicegeo/bf-handle/bf/utils.go:31.16,33.3 1 0
github.com/venicegeo/bf-handle/bf/utils.go:33.3,37.3 1 0
github.com/venicegeo/bf-handle/bf/utils.go:43.45,47.2 3 0
github.com/venicegeo/bf-handle/bf/asynch.go:60.59,63.24 3 0
github.com/venicegeo/bf-handle/bf/asynch.go:67.2,67.24 1 0
github.com/venicegeo/bf-handle/bf/asynch.go:71.2,71.21 1 0
github.com/venicegeo/bf-handle/bf/asynch.go:63.24,66.3 2 0
github.com/venicegeo/bf-handle/bf/asynch.go:67.24,70.3 2 0
github.com/venicegeo/bf-handle/bf/asynch.go:72.2,73.34 1 0
github.com/venicegeo/bf-handle/bf/asynch.go:74.2,75.35 1 0
github.com/venicegeo/bf-handle/bf/asynch.go:76.2,77.130 1 0
github.com/venicegeo/bf-handle/bf/asynch.go:85.59,93.16 3 0
github.com/venicegeo/bf-handle/bf/asynch.go:99.2,100.16 2 0
github.com/venicegeo/bf-handle/bf/asynch.go:108.2,109.16 2 0
github.com/venicegeo/bf-handle/bf/asynch.go:117.2,117.9 1 0
github.com/venicegeo/bf-handle/bf/asynch.go:121.2,121.80 1 0
github.com/venicegeo/bf-handle/bf/asynch.go:93.16,97.3 2 0
github.com/venicegeo/bf-handle/bf/asynch.go:100.16,106.3 4 0
github.com/venicegeo/bf-handle/bf/asynch.go:109.16,115.3 4 0
github.com/venicegeo/bf-handle/bf/asynch.go:118.2,118.22 0 0
github.com/venicegeo/bf-handle/bf/asynch.go:119.2,119.10 0 0
github.com/venicegeo/bf-handle/bf/asynch.go:127.59,129.16 2 0
github.com/venicegeo/bf-handle/bf/asynch.go:133.2,133.31 1 0
github.com/venicegeo/bf-handle/bf/asynch.go:136.2,136.42 1 0
github.com/venicegeo/bf-handle/bf/asynch.go:129.16,132.3 2 0
github.com/venicegeo/bf-handle/bf/asynch.go:133.31,135.3 1 0
github.com/venicegeo/bf-handle/bf/asynch.go:142.60,144.16 2 0
github.com/venicegeo/bf-handle/bf/asynch.go:148.2,148.42 1 0
github.com/venicegeo/bf-handle/bf/asynch.go:144.16,146.3 1 0
github.com/venicegeo/bf-handle/bf/asynch.go:155.32,164.6 3 0
github.com/venicegeo/bf-handle/bf/asynch.go:164.6,167.18 3 0
github.com/venicegeo/bf-handle/bf/asynch.go:176.3,180.17 4 0
github.com/venicegeo/bf-handle/bf/asynch.go:186.3,187.26 2 0
github.com/venicegeo/bf-handle/bf/asynch.go:194.3,195.17 2 0
github.com/venicegeo/bf-handle/bf/asynch.go:202.3,202.39 1 0
github.com/venicegeo/bf-handle/bf/asynch.go:167.18,169.49 2 0
github.com/venicegeo/bf-handle/bf/asynch.go:173.4,174.12 2 0
github.com/venicegeo/bf-handle/bf/asynch.go:169.49,172.5 2 0
github.com/venicegeo/bf-handle/bf/asynch.go:180.17,184.12 4 0
github.com/venicegeo/bf-handle/bf/asynch.go:187.26,191.12 4 0
github.com/venicegeo/bf-handle/bf/asynch.go:195.17,199.12 4 0
github.com/venicegeo/bf-handle/bf/asynch.go:208.19,211.21 2 0
github.com/venicegeo/bf-handle/bf/asynch.go:218.2,223.22 5 0
github.com/venicegeo/bf-handle/bf/asynch.go:211.21,213.17 2 0
github.com/venicegeo/bf-handle/bf/asynch.go:213.17,215.4 1 0
github.com/venicegeo/bf-handle/bf/asynch.go:241.46,243.26 2 0
github.com/venicegeo/bf-handle/bf/asynch.go:246.2,247.24 2 0
github.com/venicegeo/bf-handle/bf/asynch.go:251.2,252.12 2 0
github.com/venicegeo/bf-handle/bf/asynch.go:243.26,245.3 1 0
github.com/venicegeo/bf-handle/bf/asynch.go:247.24,250.3 2 0
github.com/venicegeo/bf-handle/bf/asynch.go:261.45,265.40 4 0
github.com/venicegeo/bf-handle/bf/asynch.go:268.2,270.50 3 0
github.com/venicegeo/bf-handle/bf/asynch.go:265.40,267.3 1 0
github.com/venicegeo/bf-handle/bf/asynch.go:279.47,284.2 4 0
github.com/venicegeo/bf-handle/bf/asynch.go:289.45,293.2 3 0
github.com/venicegeo/bf-handle/bf/asynch.go:298.51,301.2 2 0
github.com/venicegeo/bf-handle/bf/asynch.go:306.52,309.2 2 0
github.com/venicegeo/bf-handle/bf/asynch.go:318.43,322.2 3 0
github.com/venicegeo/bf-handle/bf/asynch.go:327.27,329.101 2 0
github.com/venicegeo/bf-handle/bf/asynch.go:329.101,332.3 2 0
